MIME-Version: 1.0
Content-Type: text/plain; charset="utf-8"
Content-Transfer-Encoding: 8bit
Subject: [Django] ERROR (EXTERNAL IP): Internal Server Error:
 /admin/blog/post/2/change/
From: root@localhost
To: maslov.ihor@gmail.com
Date: Wed, 09 Dec 2015 20:27:45 -0000
Message-ID: <20151209202745.791.51241@11381>

Internal Server Error: /admin/blog/post/2/change/

ProgrammingError at /admin/blog/post/2/change/
permission denied for sequence django_admin_log_id_seq


Request Method: POST
Request URL: http://tips-diary.info/admin/blog/post/2/change/
Django Version: 1.9
Python Executable: /home/tips_diary/site/env/bin/python
Python Version: 2.7.6
Python Path: ['/home/tips_diary/site/tips_diary', '/home/tips_diary/site/env/bin', '/home/tips_diary/site/tips_diary', '/home/tips_diary/site/env/lib/python2.7', '/home/tips_diary/site/env/lib/python2.7/plat-x86_64-linux-gnu', '/home/tips_diary/site/env/lib/python2.7/lib-tk', '/home/tips_diary/site/env/lib/python2.7/lib-old', '/home/tips_diary/site/env/lib/python2.7/lib-dynload', '/usr/lib/python2.7', '/usr/lib/python2.7/plat-x86_64-linux-gnu', '/usr/lib/python2.7/lib-tk', '/home/tips_diary/site/env/local/lib/python2.7/site-packages']
Server time: Ср, 9 Дек 2015 20:27:45 +0000
Installed Applications:
('suit',
 'django.contrib.admin',
 'django.contrib.auth',
 'django.contrib.contenttypes',
 'django.contrib.sessions',
 'django.contrib.messages',
 'django.contrib.staticfiles',
 'django.contrib.sitemaps',
 'ckeditor',
 'ckeditor_uploader',
 'easy_thumbnails',
 'blog')
Installed Middleware:
('django.middleware.cache.UpdateCacheMiddleware',
 'django.contrib.sessions.middleware.SessionMiddleware',
 'django.middleware.common.CommonMiddleware',
 'django.middleware.csrf.CsrfViewMiddleware',
 'django.contrib.auth.middleware.AuthenticationMiddleware',
 'django.contrib.auth.middleware.SessionAuthenticationMiddleware',
 'django.contrib.messages.middleware.MessageMiddleware',
 'django.middleware.clickjacking.XFrameOptionsMiddleware',
 'django.middleware.security.SecurityMiddleware',
 'django.middleware.cache.FetchFromCacheMiddleware')


Traceback:  

File "/home/tips_diary/site/env/local/lib/python2.7/site-packages/django/core/handlers/base.py" in get_response
  149.                     response = self.process_exception_by_middleware(e, request)

File "/home/tips_diary/site/env/local/lib/python2.7/site-packages/django/core/handlers/base.py" in get_response
  147.                     response = wrapped_callback(request, *callback_args, **callback_kwargs)

File "/home/tips_diary/site/env/local/lib/python2.7/site-packages/django/contrib/admin/options.py" in wrapper
  541.                 return self.admin_site.admin_view(view)(*args, **kwargs)

File "/home/tips_diary/site/env/local/lib/python2.7/site-packages/django/utils/decorators.py" in _wrapped_view
  149.                     response = view_func(request, *args, **kwargs)

File "/home/tips_diary/site/env/local/lib/python2.7/site-packages/django/views/decorators/cache.py" in _wrapped_view_func
  57.         response = view_func(request, *args, **kwargs)

File "/home/tips_diary/site/env/local/lib/python2.7/site-packages/django/contrib/admin/sites.py" in inner
  244.             return view(request, *args, **kwargs)

File "/home/tips_diary/site/env/local/lib/python2.7/site-packages/django/contrib/admin/options.py" in change_view
  1438.         return self.changeform_view(request, object_id, form_url, extra_context)

File "/home/tips_diary/site/env/local/lib/python2.7/site-packages/django/utils/decorators.py" in _wrapper
  67.             return bound_func(*args, **kwargs)

File "/home/tips_diary/site/env/local/lib/python2.7/site-packages/django/utils/decorators.py" in _wrapped_view
  149.                     response = view_func(request, *args, **kwargs)

File "/home/tips_diary/site/env/local/lib/python2.7/site-packages/django/utils/decorators.py" in bound_func
  63.                 return func.__get__(self, type(self))(*args2, **kwargs2)

File "/home/tips_diary/site/env/local/lib/python2.7/site-packages/django/utils/decorators.py" in inner
  184.                     return func(*args, **kwargs)

File "/home/tips_diary/site/env/local/lib/python2.7/site-packages/django/contrib/admin/options.py" in changeform_view
  1385.                     self.log_change(request, new_object, change_message)

File "/home/tips_diary/site/env/local/lib/python2.7/site-packages/django/contrib/admin/options.py" in log_change
  732.             change_message=message,

File "/home/tips_diary/site/env/local/lib/python2.7/site-packages/django/contrib/admin/models.py" in log_action
  27.             change_message=change_message,

File "/home/tips_diary/site/env/local/lib/python2.7/site-packages/django/db/models/manager.py" in manager_method
  122.                 return getattr(self.get_queryset(), name)(*args, **kwargs)

File "/home/tips_diary/site/env/local/lib/python2.7/site-packages/django/db/models/query.py" in create
  401.         obj.save(force_insert=True, using=self.db)

File "/home/tips_diary/site/env/local/lib/python2.7/site-packages/django/db/models/base.py" in save
  700.                        force_update=force_update, update_fields=update_fields)

File "/home/tips_diary/site/env/local/lib/python2.7/site-packages/django/db/models/base.py" in save_base
  728.             updated = self._save_table(raw, cls, force_insert, force_update, using, update_fields)

File "/home/tips_diary/site/env/local/lib/python2.7/site-packages/django/db/models/base.py" in _save_table
  812.             result = self._do_insert(cls._base_manager, using, fields, update_pk, raw)

File "/home/tips_diary/site/env/local/lib/python2.7/site-packages/django/db/models/base.py" in _do_insert
  851.                                using=using, raw=raw)

File "/home/tips_diary/site/env/local/lib/python2.7/site-packages/django/db/models/manager.py" in manager_method
  122.                 return getattr(self.get_queryset(), name)(*args, **kwargs)

File "/home/tips_diary/site/env/local/lib/python2.7/site-packages/django/db/models/query.py" in _insert
  1039.         return query.get_compiler(using=using).execute_sql(return_id)

File "/home/tips_diary/site/env/local/lib/python2.7/site-packages/django/db/models/sql/compiler.py" in execute_sql
  1064.                 cursor.execute(sql, params)

File "/home/tips_diary/site/env/local/lib/python2.7/site-packages/django/db/backends/utils.py" in execute
  64.                 return self.cursor.execute(sql, params)

File "/home/tips_diary/site/env/local/lib/python2.7/site-packages/django/db/utils.py" in __exit__
  95.                 six.reraise(dj_exc_type, dj_exc_value, traceback)

File "/home/tips_diary/site/env/local/lib/python2.7/site-packages/django/db/backends/utils.py" in execute
  64.                 return self.cursor.execute(sql, params)

Exception Type: ProgrammingError at /admin/blog/post/2/change/
Exception Value: permission denied for sequence django_admin_log_id_seq

Request information:
GET: No GET data

POST:
category = u'2'
_save = u''
title = u'\u041a\u0443\u043b\u044c\u0442\u0443\u0440\u0430. \u0427\u0442\u043e \u044d\u0442\u043e?'
content = u'<p>\u041a\u0430\u0436\u0434\u044b\u0439 \u0434\u0435\u043d\u044c \u0438 \u043c\u043d\u043e\u0433\u043e \u0440\u0430\u0437 \u0432 \u0441\u0443\u0442\u043a\u0438 \u043c\u044b \u0441\u043b\u044b\u0448\u0438\u043c \u0438\u043b\u0438 \u0443\u043f\u043e\u0442\u0440\u0435\u0431\u043b\u044f\u0435\u043c \u0441\u043b\u043e\u0432\u043e &laquo;\u043a\u0443\u043b\u044c\u0442\u0443\u0440\u0430&raquo;. \u041d\u043e \u0437\u0430\u0434\u0443\u043c\u044b\u0432\u0430\u0435\u043c\u0441\u044f \u043b\u0438 \u043c\u044b \u043e \u0435\u0433\u043e \u0437\u043d\u0430\u0447\u0435\u043d\u0438\u0438? &mdash; \u0415\u0434\u0432\u0430 \u043b\u0438.</p>\r\n\r\n<p>\u0411\u043e\u043b\u044c\u0448\u0438\u043d\u0441\u0442\u0432\u043e \u043b\u044e\u0434\u0435\u0439 \u0441\u043b\u043e\u0432\u043e &laquo;\u043a\u0443\u043b\u044c\u0442\u0443\u0440\u0430&raquo; \u043e\u0442\u043e\u0436\u0434\u0435\u0441\u0442\u0432\u043b\u044f\u044e\u0442 \u0441 \u043d\u0430\u0443\u043a\u043e\u0439 \u0438\u043b\u0438 \u0432\u0438\u0434\u0430\u043c\u0438 \u0438\u0441\u043a\u0443\u0441\u0441\u0442\u0432\u0430 &mdash; \u0441 \u043b\u0438\u0442\u0435\u0440\u0430\u0442\u0443\u0440\u043e\u0439, \u0436\u0438\u0432\u043e\u043f\u0438\u0441\u044c\u044e, \u0442\u0435\u0430\u0442\u0440\u043e\u043c, \u043c\u0443\u0437\u044b\u043a\u043e\u0439, \u0430\u0440\u0445\u0438\u0442\u0435\u043a\u0442\u0443\u0440\u043e\u0439, \u0441\u043a\u0443\u043b\u044c\u043f\u0442\u0443\u0440\u043e\u0439. \u0422\u0430\u043a\u043e\u0435 \u043f\u043e\u043d\u044f\u0442\u0438\u0435 \u0432\u0435\u0440\u043d\u043e\u0435, \u043d\u043e \u043e\u0447\u0435\u043d\u044c \u043e\u0433\u0440\u0430\u043d\u0438\u0447\u0435\u043d\u043d\u043e\u0435 \u0438 \u043f\u0440\u0438\u043c\u0438\u0442\u0438\u0432\u043d\u043e\u0435. \u0422\u0435\u0440\u043c\u0438\u043d &laquo;\u043a\u0443\u043b\u044c\u0442\u0443\u0440\u0430&raquo; \u0442\u0430\u0438\u0442 \u0432 \u0441\u0435\u0431\u0435 \u0431\u043e\u043b\u0435\u0435 \u0433\u043b\u0443\u0431\u043e\u043a\u0438\u0435 \u043f\u043e\u0437\u043d\u0430\u043d\u0438\u044f. \u041e\u043d \u0445\u0440\u0430\u043d\u0438\u0442 \u0432\u0441\u0435 \u0437\u043d\u0430\u043d\u0438\u044f \u0432\u0435\u043a\u043e\u0432 \u0438 \u043d\u0430\u0440\u043e\u0434\u043e\u0432 \u0441 \u043d\u0430\u0447\u0430\u043b\u0430 \u043e\u0441\u043d\u043e\u0432\u0430\u043d\u0438\u044f \u0417\u0435\u043c\u043b\u0438 \u0438 \u0434\u043e \u043d\u0430\u0448\u0438\u0445 \u0434\u043d\u0435\u0439.</p>\r\n\r\n<div style="page-break-after: always"><span style="display:none">&nbsp;</span></div>\r\n\r\n<p>\u0412\u0441\u0435 \u043d\u0430\u0440\u043e\u0434\u043d\u043e\u0441\u0442\u0438, \u043d\u0430\u0441\u0435\u043b\u044f\u044e\u0449\u0438\u0435 \u043d\u0430\u0448\u0443 \u041f\u043b\u0430\u043d\u0435\u0442\u0443, \u0438\u043c\u0435\u044e\u0442 \u0440\u0430\u0437\u043d\u044b\u0435 \u043e\u0442\u043b\u0438\u0447\u0438\u044f. &laquo;\u0415\u0441\u0442\u0435\u0441\u0442\u0432\u0435\u043d\u043d\u043e, \u0443 \u043a\u0430\u0436\u0434\u043e\u0433\u043e \u043d\u0430\u0440\u043e\u0434\u0430 \u0440\u0430\u0437\u043d\u044b\u0439 \u0446\u0432\u0435\u0442 \u043a\u043e\u0436\u0438, \u0440\u0430\u0437\u0440\u0435\u0437 \u0433\u043b\u0430\u0437&raquo;, &mdash; \u0441\u043a\u0430\u0436\u0435\u0448\u044c \u0442\u044b. \u041d\u043e \u0438 \u044d\u0442\u043e \u0441\u0443\u0436\u0434\u0435\u043d\u0438\u0435 \u043d\u0435 \u043f\u043e\u043b\u043d\u043e\u0435.</p>\r\n\r\n<p>\u0427\u0442\u043e\u0431\u044b \u043f\u043e\u043d\u044f\u0442\u044c \u0432\u0441\u0435 \u0440\u0430\u0437\u043b\u0438\u0447\u0438\u044f, \u0441\u043b\u0435\u0434\u0443\u0435\u0442 \u0432\u0435\u0440\u043d\u0443\u0442\u044c\u0441\u044f \u0432 \u0434\u0430\u043b\u0435\u043a\u043e\u0435 \u043f\u0440\u043e\u0448\u043b\u043e\u0435, \u043a\u043e\u0433\u0434\u0430 \u0447\u0438\u0441\u043b\u0435\u043d\u043d\u043e\u0441\u0442\u044c \u043b\u044e\u0434\u0435\u0439 \u0431\u044b\u043b\u0430 \u0441\u043e\u0432\u0441\u0435\u043c \u043d\u0435\u0431\u043e\u043b\u044c\u0448\u043e\u0439 \u043f\u043e \u0441\u0440\u0430\u0432\u043d\u0435\u043d\u0438\u044e \u0441 \u0448\u0438\u0440\u043e\u0442\u0430\u043c\u0438 \u043f\u0440\u043e\u0441\u0442\u0440\u0430\u043d\u0441\u0442\u0432\u0430. \u0412\u043e\u0442 \u0442\u043e\u0433\u0434\u0430 \u043d\u0430\u0447\u0430\u043b\u0430 \u0441\u0432\u043e\u0435 \u0437\u0430\u0440\u043e\u0436\u0434\u0435\u043d\u0438\u0435 \u043a\u0443\u043b\u044c\u0442\u0443\u0440\u0430, \u043f\u0440\u0438 \u0447\u0435\u043c \u0443 \u043a\u0430\u0436\u0434\u043e\u0439 \u0433\u0440\u0443\u043f\u043f\u044b \u043b\u044e\u0434\u0435\u0439 \u0441\u0432\u043e\u044f \u0438 \u0443\u043d\u0438\u043a\u0430\u043b\u044c\u043d\u0430\u044f. \u041a\u0430\u0436\u0434\u0430\u044f \u0438\u0437 \u043d\u0438\u0445 \u0441\u043e\u0442\u0432\u043e\u0440\u0438\u043b\u0430 \u0434\u043b\u044f \u0441\u0435\u0431\u044f \u0441\u0432\u043e\u0439 \u043c\u0438\u0440, \u0433\u0434\u0435 \u0431\u044b\u043b\u0438 \u0443\u043a\u0430\u0437\u0430\u043d\u044b \u0411\u043e\u0433\u0438, \u0414\u0443\u0445\u0438, \u0438\u0445 \u043e\u0442\u043d\u043e\u0448\u0435\u043d\u0438\u0435 \u043a \u043b\u044e\u0434\u044f\u043c \u0438 \u043d\u0430\u043e\u0431\u043e\u0440\u043e\u0442, \u0433\u0434\u0435 \u0431\u044b\u043b\u043e \u043f\u0440\u0435\u0434\u0441\u0442\u0430\u0432\u043b\u0435\u043d\u043e \u043a\u0430\u043a \u0441\u0442\u0440\u043e\u0438\u0442\u044c \u0436\u0438\u043b\u044c\u0435, \u043a\u0430\u043a \u043e\u0431\u0440\u0430\u0431\u0430\u0442\u044b\u0432\u0430\u0442\u044c \u0437\u0435\u043c\u043b\u044e \u0438 \u0447\u0442\u043e \u0432\u044b\u0440\u0430\u0449\u0438\u0432\u0430\u0442\u044c, \u0447\u0442\u043e \u043d\u043e\u0441\u0438\u0442\u044c, \u043a\u0430\u043a\u0438\u043c\u0438 \u043f\u0440\u0435\u0434\u043c\u0435\u0442\u0430\u043c\u0438 \u0431\u044b\u0442\u0430 \u0438 \u043e\u0440\u0443\u0434\u0438\u0435\u043c \u043f\u043e\u043b\u044c\u0437\u043e\u0432\u0430\u0442\u044c\u0441\u044f, \u043a\u0430\u043a \u0434\u043e\u0431\u044b\u0432\u0430\u0442\u044c \u043c\u0435\u0442\u0430\u043b\u043b \u0438 \u043c\u043d\u043e\u0433\u043e\u0435 \u0434\u0440\u0443\u0433\u043e\u0435.</p>\r\n\r\n<p>\u041a\u0443\u043b\u044c\u0442\u0443\u0440\u0430 \u0438\u043c\u0435\u0435\u0442 \u0441\u0432\u043e\u0439 \u043e\u0442\u0434\u0435\u043b\u044c\u043d\u044b\u0439 \u044f\u0437\u044b\u043a. \u042d\u0442\u043e \u044f\u0437\u044b\u043a \u0442\u0435\u0445\u043d\u0438\u0447\u0435\u0441\u043a\u0438\u0445 \u0434\u043e\u0441\u0442\u0438\u0436\u0435\u043d\u0438\u0439, \u043f\u0440\u0435\u0434\u043c\u0435\u0442\u043e\u0432 \u0442\u0440\u0443\u0434\u0430 \u0438 \u0434\u0430\u0436\u0435 \u043e\u0440\u0443\u0436\u0438\u044f. \u0412\u0435\u0434\u044c \u043e\u0434\u043d\u0430 \u0438 \u0442\u0430 \u0436\u0435 \u0432\u0435\u0449\u044c \u0432 \u0440\u0430\u0437\u043d\u044b\u0445 \u043d\u0430\u0440\u043e\u0434\u0430\u0445 \u043c\u043e\u0436\u0435\u0442 \u0438\u043c\u0435\u0442\u044c \u0440\u0430\u0437\u043d\u0443\u044e \u0444\u043e\u0440\u043c\u0443, \u043e\u043a\u0440\u0430\u0441, \u043c\u0430\u0442\u0435\u0440\u0438\u0430\u043b \u0438\u0437\u0433\u043e\u0442\u043e\u0432\u043b\u0435\u043d\u0438\u044f \u0438 \u0434\u0430\u0436\u0435 \u0443\u043f\u043e\u0442\u0440\u0435\u0431\u043b\u0435\u043d\u0438\u0435. \u042f\u0440\u043a\u0438\u0439 \u043f\u0440\u0438\u043c\u0435\u0440 &mdash; \u043a\u043e\u043b\u0435\u0441\u043e (\u043e\u0434\u043d\u043e \u0438\u0437 \u0434\u0440\u0435\u0432\u043d\u0438\u0445 \u0438 \u0432\u0435\u043b\u0438\u0447\u0430\u0439\u0448\u0438\u0445 \u043e\u0442\u043a\u0440\u044b\u0442\u0438\u0439 \u0447\u0435\u043b\u043e\u0432\u0435\u0447\u0435\u0441\u0442\u0432\u0430). \u0423 \u0440\u0430\u0437\u043d\u044b\u0445 \u0434\u0440\u0435\u0432\u043d\u0438\u0445 \u043d\u0430\u0440\u043e\u0434\u043e\u0432 \u043a\u043e\u043b\u0435\u0441\u0430 \u0438\u043c\u0435\u043b\u0438 \u0442\u043e\u043b\u044c\u043a\u043e \u043e\u0434\u0438\u043d\u0430\u043a\u043e\u0432\u0443\u044e \u0444\u043e\u0440\u043c\u0443 (\u0434\u043b\u044f \u0441\u0440\u0430\u0432\u043d\u0435\u043d\u0438\u044f \u043f\u043e\u0441\u043c\u043e\u0442\u0440\u0438\u043c \u043d\u0430 \u043a\u043e\u043b\u0435\u0441\u0430 \u0433\u0440\u0435\u043a\u043e\u0432 \u0438 \u0435\u0433\u0438\u043f\u0442\u044f\u043d).</p>\r\n\r\n<p>\u0410 \u0447\u0442\u043e \u0443\u0436\u0435 \u0433\u043e\u0432\u043e\u0440\u0438\u0442\u044c \u043e \u0437\u043d\u0430\u0447\u0435\u043d\u0438\u0438 \u043a\u043e\u043b\u0435\u0441\u0430 \u0432 \u0434\u0440\u0435\u0432\u043d\u0438\u0445 \u043c\u0438\u0444\u0430\u0445 \u0438 \u043b\u0435\u0433\u0435\u043d\u0434\u0430\u0445. \u041f\u0440\u0435\u0434\u043a\u0438 \u0441\u0440\u0430\u0432\u043d\u0438\u0432\u0430\u043b\u0438 \u043a\u043e\u043b\u0435\u0441\u043e \u0441 \u0421\u043e\u043b\u043d\u0446\u0435\u043c (\u0441\u043e\u043b\u043d\u0435\u0447\u043d\u044b\u043c \u0434\u0438\u0441\u043a\u043e\u043c) \u0438 \u0434\u0430\u0436\u0435 \u0441 \u043a\u0440\u0443\u0433\u043e\u0432\u043e\u0440\u043e\u0442\u043e\u043c \u0436\u0438\u0437\u043d\u0438 \u0447\u0435\u043b\u043e\u0432\u0435\u043a\u0430 (\u043a\u043e\u043b\u0435\u0441\u043e \u0441\u0443\u0434\u044c\u0431\u044b).</p>\r\n\r\n<p>\u0412\u0441\u0435 \u044d\u0442\u043e \u0430\u043d\u0430\u043b\u0438\u0437\u0438\u0440\u0443\u044f \u043c\u043e\u0436\u043d\u043e \u0443\u0437\u043d\u0430\u0442\u044c \u0443\u0440\u043e\u0432\u0435\u043d\u044c \u0436\u0438\u0437\u043d\u0438 \u043d\u0430\u0440\u043e\u0434\u0430 \u0438\u043b\u0438 \u043f\u043b\u0435\u043c\u0435\u043d\u0438, \u0443\u0437\u043d\u0430\u0442\u044c \u043a\u0430\u043a\u0438\u0435 \u0441\u0432\u044f\u0437\u0438 \u0431\u044b\u043b\u0438 \u043c\u0435\u0436\u0434\u0443 \u043d\u0430\u0440\u043e\u0434\u043d\u043e\u0441\u0442\u044f\u043c\u0438. \u0418\u043c\u0435\u043d\u043d\u043e \u0438\u0437\u0443\u0447\u0430\u044f \u043f\u0440\u0435\u0434\u043c\u0435\u0442\u044b \u0434\u0440\u0435\u0432\u043d\u043e\u0441\u0442\u0438 \u0443\u0447\u0435\u043d\u044b\u0435 \u043c\u043e\u0433\u0443\u0442 \u0440\u0430\u0441\u0441\u043a\u0430\u0437\u0430\u0442\u044c \u043e \u043a\u0443\u043b\u044c\u0442\u0443\u0440\u0435 \u0440\u0430\u0437\u043d\u044b\u0445 \u0441\u0442\u0440\u0430\u043d \u0438 \u043d\u0430\u0440\u043e\u0434\u043e\u0432 \u0432 \u0440\u0430\u0437\u043d\u044b\u0435 \u044d\u043f\u043e\u0445\u0438.</p>\r\n\r\n<p>\u041f\u043e\u044d\u0442\u043e\u043c\u0443 \u043f\u043e\u0434 &laquo;\u043a\u0443\u043b\u044c\u0442\u0443\u0440\u043e\u0439&raquo; \u0441\u043b\u0435\u0434\u0443\u0435\u0442 \u043f\u043e\u043d\u0438\u043c\u0430\u0442\u044c \u0432\u0441\u0435, \u0447\u0442\u043e \u0438\u043c\u0435\u0435\u0442 \u0432\u0430\u0436\u043d\u043e\u0441\u0442\u044c \u0438 \u0446\u0435\u043d\u043d\u043e\u0441\u0442\u044c \u0434\u043b\u044f \u043a\u0430\u0436\u0434\u043e\u0433\u043e \u0447\u0435\u043b\u043e\u0432\u0435\u043a\u0430 \u0432 \u0446\u0435\u043b\u043e\u043c. \u0412\u0435\u0434\u044c \u043a\u0430\u0436\u0434\u044b\u0439 \u0447\u0435\u043b\u043e\u0432\u0435\u043a \u0438 \u0441\u043e\u0437\u0434\u0430\u0435\u0442 \u043e\u0442\u0434\u0435\u043b\u044c\u043d\u0443\u044e \u043d\u0430\u0440\u043e\u0434\u043d\u043e\u0441\u0442\u044c: \u043d\u0430\u0447\u0438\u043d\u0430\u044f \u0441 \u043f\u0440\u0435\u0434\u043c\u0435\u0442\u043e\u0432 \u0442\u0440\u0443\u0434\u0430 \u0438 \u0435\u0433\u043e \u043e\u0440\u0433\u0430\u043d\u0438\u0437\u0430\u0446\u0438\u0438, \u0437\u0430\u043a\u0430\u043d\u0447\u0438\u0432\u0430\u044f \u043f\u0440\u0435\u0434\u0441\u0442\u0430\u0432\u043b\u0435\u043d\u0438\u044f\u043c\u0438 \u043e \u0441\u043e\u0437\u0434\u0430\u043d\u0438\u0438 \u041c\u0438\u0440\u0430, \u043f\u0440\u0430\u0432\u0438\u043b\u0430\u0445 \u043e\u0431\u0449\u0435\u043d\u0438\u044f \u0438 \u043f\u043e\u0432\u0435\u0434\u0435\u043d\u0438\u044f, \u0432\u0437\u0433\u043b\u044f\u0434\u0430\u043c\u0438 \u043d\u0430 \u0436\u0438\u0437\u043d\u044c. \u042d\u0442\u0438 \u043f\u0440\u0438\u043d\u0446\u0438\u043f\u044b \u0438 \u043a\u043e\u043d\u0446\u0435\u043f\u0446\u0438\u0438 \u043f\u0435\u0440\u0435\u0434\u0430\u0432\u0430\u043b\u0438\u0441\u044c \u0438 \u0441\u043e\u0445\u0440\u0430\u043d\u044f\u043b\u0438\u0441\u044c \u043e\u0442 \u043f\u043e\u043a\u043e\u043b\u0435\u043d\u0438\u044f \u043a \u043f\u043e\u043a\u043e\u043b\u0435\u043d\u0438\u044e. \u0418\u043c\u0435\u043d\u043d\u043e \u0431\u043b\u0430\u0433\u043e\u0434\u0430\u0440\u044f \u043a\u0443\u043b\u044c\u0442\u0443\u0440\u0435 \u0447\u0435\u043b\u043e\u0432\u0435\u043a \u0441\u0442\u0430\u043d\u043e\u0432\u0438\u0442\u0441\u044f \u043f\u043e\u043b\u043d\u043e\u0446\u0435\u043d\u043d\u043e\u0439, \u0440\u0430\u0437\u0432\u0438\u0442\u043e\u0439 \u043b\u0438\u0447\u043d\u043e\u0441\u0442\u044c\u044e, \u043e\u0441\u043e\u0437\u043d\u0430\u0435\u0442 \u0441\u0435\u0431\u044f \u0447\u0430\u0441\u0442\u044c\u044e \u0442\u043e\u0439 \u0438\u043b\u0438 \u0438\u043d\u043e\u0439 \u043d\u0430\u0440\u043e\u0434\u043d\u043e\u0441\u0442\u0438, \u0447\u0443\u0432\u0441\u0442\u0432\u0443\u0435\u0442 \u0441\u0435\u0431\u044f \u0447\u0430\u0441\u0442\u044c\u044e \u0446\u0438\u0432\u0438\u043b\u0438\u0437\u0430\u0446\u0438\u0438.</p>\r\n'
publicated = u'on'
csrfmiddlewaretoken = u'mynV4JErYD2zyxJSYu3YaWDJPeJ4lxfI'
slug = u'kultura-chto-eto'
description = u'test2'

FILES:
preview_image = <InMemoryUploadedFile: odin_and_sleipnir_by_ripedecay.jpg (image/jpeg)>

COOKIES:
csrftoken = 'mynV4JErYD2zyxJSYu3YaWDJPeJ4lxfI'
sessionid = 'j1ze6b16lc6pruu9qci55w0jxmd4a492'

META:
HTTP_REFERER = 'http://tips-diary.info/admin/blog/post/2/change/'
SERVER_SOFTWARE = 'gunicorn/19.3.0'
SCRIPT_NAME = u''
REQUEST_METHOD = 'POST'
PATH_INFO = u'/admin/blog/post/2/change/'
HTTP_ORIGIN = 'http://tips-diary.info'
SERVER_PROTOCOL = 'HTTP/1.0'
QUERY_STRING = ''
CONTENT_LENGTH = '154411'
HTTP_USER_AGENT = 'Mozilla/5.0 (X11; Linux x86_64) AppleWebKit/537.36 (KHTML, like Gecko) Chrome/47.0.2526.73 Safari/537.36'
HTTP_CONNECTION = 'close'
HTTP_COOKIE = 'sessionid=j1ze6b16lc6pruu9qci55w0jxmd4a492; csrftoken=mynV4JErYD2zyxJSYu3YaWDJPeJ4lxfI'
SERVER_NAME = 'tips-diary.info'
REMOTE_ADDR = ''
wsgi.url_scheme = 'http'
SERVER_PORT = '80'
wsgi.input = <gunicorn.http.body.Body object at 0x7f76d61952d0>
HTTP_HOST = 'tips-diary.info'
wsgi.multithread = False
HTTP_UPGRADE_INSECURE_REQUESTS = '1'
HTTP_CACHE_CONTROL = 'max-age=0'
HTTP_ACCEPT = 'text/html,application/xhtml+xml,application/xml;q=0.9,image/webp,*/*;q=0.8'
wsgi.version = 
RAW_URI = '/admin/blog/post/2/change/'
wsgi.run_once = False
wsgi.errors = <gunicorn.http.wsgi.WSGIErrorsWrapper object at 0x7f76d6195810>
wsgi.multiprocess = True
HTTP_ACCEPT_LANGUAGE = 'ru,en-US;q=0.8,en;q=0.6,uk;q=0.4'
gunicorn.socket = <socket._socketobject object at 0x7f76d6367de0>
CONTENT_TYPE = 'multipart/form-data; boundary=----WebKitFormBoundaryUDC4PKvILSQRgxlG'
HTTP_X_FORWARDED_FOR = '46.39.93.96'
wsgi.file_wrapper = ''
CSRF_COOKIE = u'mynV4JErYD2zyxJSYu3YaWDJPeJ4lxfI'
HTTP_ACCEPT_ENCODING = 'gzip, deflate'

Settings:
Using settings module tips_diary.settings
SECURE_BROWSER_XSS_FILTER = False
USE_X_FORWARDED_PORT = False
USE_THOUSAND_SEPARATOR = False
CSRF_COOKIE_SECURE = False
LANGUAGE_CODE = 'ru-RU'
ROOT_URLCONF = 'tips_diary.urls'
MANAGERS = []
BASE_DIR = '/home/tips_diary/site/tips_diary'
SILENCED_SYSTEM_CHECKS = []
DEFAULT_CHARSET = 'utf-8'
SESSION_SERIALIZER = 'django.contrib.sessions.serializers.JSONSerializer'
STATIC_ROOT = '/home/tips_diary/site/tips_diary/staticfiles'
CKEDITOR_UPLOAD_PATH = 'uploads/'
ALLOWED_HOSTS = ['.tips-diary.info']
MESSAGE_STORAGE = 'django.contrib.messages.storage.fallback.FallbackStorage'
EMAIL_SUBJECT_PREFIX = '[Django] '
SERVER_EMAIL = 'root@localhost'
SECURE_HSTS_SECONDS = 0
STATICFILES_FINDERS = ['django.contrib.staticfiles.finders.FileSystemFinder', 'django.contrib.staticfiles.finders.AppDirectoriesFinder']
SESSION_CACHE_ALIAS = 'default'
SESSION_COOKIE_DOMAIN = None
SESSION_COOKIE_NAME = 'sessionid'
TIME_INPUT_FORMATS = ['%H:%M:%S', '%H:%M:%S.%f', '%H:%M']
SECURE_REDIRECT_EXEMPT = []
DATABASES = {'default': {'ENGINE': 'django.db.backends.postgresql_psycopg2', 'AUTOCOMMIT': True, 'ATOMIC_REQUESTS': False, 'NAME': 'tips_diary', 'CONN_MAX_AGE': 0, 'TIME_ZONE': None, 'PORT': '5432', 'HOST': '127.0.0.1', 'USER': 'tips_diary', 'TEST': {'COLLATION': None, 'CHARSET': None, 'NAME': None, 'MIRROR': None}, 'PASSWORD': u'********************', 'OPTIONS': {}}}
EMAIL_SSL_KEYFILE = u'********************'
FILE_UPLOAD_DIRECTORY_PERMISSIONS = None
FILE_UPLOAD_PERMISSIONS = None
FILE_UPLOAD_HANDLERS = ['django.core.files.uploadhandler.MemoryFileUploadHandler', 'django.core.files.uploadhandler.TemporaryFileUploadHandler']
DEFAULT_CONTENT_TYPE = 'text/html'
APPEND_SLASH = True
FIRST_DAY_OF_WEEK = 0
DATABASE_ROUTERS = []
DEFAULT_TABLESPACE = ''
YEAR_MONTH_FORMAT = 'F Y'
STATICFILES_STORAGE = 'django.contrib.staticfiles.storage.StaticFilesStorage'
CACHES = {'default': {'TIMEOUT': 7200, 'LOCATION': '127.0.0.1:11211', 'KEY_PREFIX': u'********************', 'BACKEND': 'django.core.cache.backends.memcached.MemcachedCache'}}
SESSION_COOKIE_PATH = '/'
EMAIL_HOST_PASSWORD = u'********************'
SECURE_CONTENT_TYPE_NOSNIFF = False
MIDDLEWARE_CLASSES = 
USE_I18N = True
THOUSAND_SEPARATOR = ','
SECRET_KEY = u'********************'
LANGUAGE_COOKIE_NAME = 'django_language'
DEFAULT_INDEX_TABLESPACE = ''
LOGGING_CONFIG = 'logging.config.dictConfig'
CKEDITOR_JQUERY_URL = '//ajax.googleapis.com/ajax/libs/jquery/2.1.1/jquery.min.js'
TEMPLATE_LOADERS = ['django.template.loaders.filesystem.Loader', 'django.template.loaders.app_directories.Loader']
CKEDITOR_IMAGE_BACKEND = 'pillow'
WSGI_APPLICATION = 'tips_diary.wsgi.application'
TEMPLATE_DEBUG = False
X_FRAME_OPTIONS = 'SAMEORIGIN'
CSRF_COOKIE_NAME = 'csrftoken'
FORCE_SCRIPT_NAME = None
USE_X_FORWARDED_HOST = False
CSRF_HEADER_NAME = 'HTTP_X_CSRFTOKEN'
EMAIL_TIMEOUT = None
SECURE_SSL_HOST = None
SIGNING_BACKEND = 'django.core.signing.TimestampSigner'
SESSION_COOKIE_SECURE = False
CSRF_COOKIE_DOMAIN = None
FILE_CHARSET = 'utf-8'
DEBUG = False
CSRF_TRUSTED_ORIGINS = []
LANGUAGE_COOKIE_DOMAIN = None
DEFAULT_FILE_STORAGE = 'django.core.files.storage.FileSystemStorage'
INSTALLED_APPS = 
LANGUAGES = [('af', 'Afrikaans'), ('ar', 'Arabic'), ('ast', 'Asturian'), ('az', 'Azerbaijani'), ('bg', 'Bulgarian'), ('be', 'Belarusian'), ('bn', 'Bengali'), ('br', 'Breton'), ('bs', 'Bosnian'), ('ca', 'Catalan'), ('cs', 'Czech'), ('cy', 'Welsh'), ('da', 'Danish'), ('de', 'German'), ('el', 'Greek'), ('en', 'English'), ('en-au', 'Australian English'), ('en-gb', 'British English'), ('eo', 'Esperanto'), ('es', 'Spanish'), ('es-ar', 'Argentinian Spanish'), ('es-co', 'Colombian Spanish'), ('es-mx', 'Mexican Spanish'), ('es-ni', 'Nicaraguan Spanish'), ('es-ve', 'Venezuelan Spanish'), ('et', 'Estonian'), ('eu', 'Basque'), ('fa', 'Persian'), ('fi', 'Finnish'), ('fr', 'French'), ('fy', 'Frisian'), ('ga', 'Irish'), ('gd', 'Scottish Gaelic'), ('gl', 'Galician'), ('he', 'Hebrew'), ('hi', 'Hindi'), ('hr', 'Croatian'), ('hu', 'Hungarian'), ('ia', 'Interlingua'), ('id', 'Indonesian'), ('io', 'Ido'), ('is', 'Icelandic'), ('it', 'Italian'), ('ja', 'Japanese'), ('ka', 'Georgian'), ('kk', 'Kazakh'), ('km', 'Khmer'), ('kn', 'Kannada'), ('ko', 'Korean'), ('lb', 'Luxembourgish'), ('lt', 'Lithuanian'), ('lv', 'Latvian'), ('mk', 'Macedonian'), ('ml', 'Malayalam'), ('mn', 'Mongolian'), ('mr', 'Marathi'), ('my', 'Burmese'), ('nb', 'Norwegian Bokmal'), ('ne', 'Nepali'), ('nl', 'Dutch'), ('nn', 'Norwegian Nynorsk'), ('os', 'Ossetic'), ('pa', 'Punjabi'), ('pl', 'Polish'), ('pt', 'Portuguese'), ('pt-br', 'Brazilian Portuguese'), ('ro', 'Romanian'), ('ru', 'Russian'), ('sk', 'Slovak'), ('sl', 'Slovenian'), ('sq', 'Albanian'), ('sr', 'Serbian'), ('sr-latn', 'Serbian Latin'), ('sv', 'Swedish'), ('sw', 'Swahili'), ('ta', 'Tamil'), ('te', 'Telugu'), ('th', 'Thai'), ('tr', 'Turkish'), ('tt', 'Tatar'), ('udm', 'Udmurt'), ('uk', 'Ukrainian'), ('ur', 'Urdu'), ('vi', 'Vietnamese'), ('zh-hans', 'Simplified Chinese'), ('zh-hant', 'Traditional Chinese')]
USE_L10N = True
SECURE_HSTS_INCLUDE_SUBDOMAINS = False
STATICFILES_DIRS = '/home/tips_diary/site/tips_diary/static'
PREPEND_WWW = False
SECURE_PROXY_SSL_HEADER = None
LANGUAGE_COOKIE_AGE = None
SESSION_COOKIE_HTTPONLY = True
DEBUG_PROPAGATE_EXCEPTIONS = False
CSRF_COOKIE_AGE = 31449600
EMAIL_FILE_PATH = '/home/tips_diary/site/tips_diary/tmp/app-messages'
MONTH_DAY_FORMAT = 'F j'
LOGIN_URL = '/accounts/login/'
SESSION_EXPIRE_AT_BROWSER_CLOSE = False
TIME_FORMAT = 'P'
AUTH_USER_MODEL = 'auth.User'
DATE_INPUT_FORMATS = ['%Y-%m-%d', '%m/%d/%Y', '%m/%d/%y', '%b %d %Y', '%b %d, %Y', '%d %b %Y', '%d %b, %Y', '%B %d %Y', '%B %d, %Y', '%d %B %Y', '%d %B, %Y']
AUTHENTICATION_BACKENDS = ['django.contrib.auth.backends.ModelBackend']
AUTH_PASSWORD_VALIDATORS = u'********************'
PASSWORD_RESET_TIMEOUT_DAYS = u'********************'
SESSION_FILE_PATH = None
CACHE_MIDDLEWARE_ALIAS = 'default'
SESSION_SAVE_EVERY_REQUEST = False
NUMBER_GROUPING = 0
SHORT_DATETIME_FORMAT = 'm/d/Y P'
SESSION_ENGINE = 'django.contrib.sessions.backends.cached_db'
CSRF_FAILURE_VIEW = 'django.views.csrf.csrf_failure'
CSRF_COOKIE_PATH = '/'
LOGIN_REDIRECT_URL = '/accounts/profile/'
DECIMAL_SEPARATOR = '.'
IGNORABLE_404_URLS = []
LOCALE_PATHS = []
TEMPLATE_STRING_IF_INVALID = ''
LOGOUT_URL = '/accounts/logout/'
EMAIL_USE_TLS = True
FIXTURE_DIRS = []
EMAIL_HOST = 'smtp.gmail.com'
DATE_FORMAT = 'N j, Y'
MEDIA_ROOT = '/home/tips_diary/site/tips_diary/media'
DEFAULT_EXCEPTION_REPORTER_FILTER = 'django.views.debug.SafeExceptionReporterFilter'
ADMINS = ('Ihor', 'maslov.ihor@gmail.com')
FORMAT_MODULE_PATH = None
DEFAULT_FROM_EMAIL = 'webmaster@localhost'
MEDIA_URL = '/media/'
DATETIME_FORMAT = 'N j, Y, P'
TEMPLATE_DIRS = []
CKEDITOR_CONFIGS = {'default': {'width': '100%', 'toolbar': 'full', 'height': 300}}
DISALLOWED_USER_AGENTS = []
ALLOWED_INCLUDE_ROOTS = []
LOGGING = {'loggers': {'django.request': {'handlers': ['mail_admins'], 'propagate': True, 'level': 'ERROR'}}, 'version': 1, 'formatters': {'simple': {'format': '%(levelname)s %(message)s'}, 'verbose': {'format': '%(levelname)s %(asctime)s %(module)s %(process)d %(thread)d %(message)s'}}, 'disable_existing_loggers': False, 'handlers': {'file': {'level': 'DEBUG', 'class': 'logging.FileHandler', 'filename': '/home/tips_diary/site/logs/django_request.log'}, 'mail_admins': {'email_backend': 'django.core.mail.backends.filebased.EmailBackend', 'class': 'django.utils.log.AdminEmailHandler', 'level': 'ERROR'}}}
SHORT_DATE_FORMAT = 'm/d/Y'
TEMPLATES = [{'DIRS': ['/home/tips_diary/site/tips_diary/templates'], 'OPTIONS': {'context_processors': ['django.template.context_processors.debug', 'django.template.context_processors.request', 'django.template.context_processors.media', 'django.template.context_processors.static', 'django.contrib.auth.context_processors.auth', 'django.contrib.messages.context_processors.messages'], 'loaders': [('django.template.loaders.cached.Loader', ['django.template.loaders.filesystem.Loader', 'django.template.loaders.app_directories.Loader'])]}, 'BACKEND': 'django.template.backends.django.DjangoTemplates'}]
TEST_RUNNER = 'django.test.runner.DiscoverRunner'
CACHE_MIDDLEWARE_KEY_PREFIX = u'********************'
SECURE_SSL_REDIRECT = False
TIME_ZONE = 'UTC'
FILE_UPLOAD_MAX_MEMORY_SIZE = 2621440
EMAIL_BACKEND = 'django.core.mail.backends.smtp.EmailBackend'
EMAIL_USE_SSL = False
TEMPLATE_CONTEXT_PROCESSORS = ['django.contrib.auth.context_processors.auth', 'django.template.context_processors.debug', 'django.template.context_processors.i18n', 'django.template.context_processors.media', 'django.template.context_processors.static', 'django.template.context_processors.tz', 'django.contrib.messages.context_processors.messages']
MIGRATION_MODULES = {}
SESSION_COOKIE_AGE = 1209600
SETTINGS_MODULE = 'tips_diary.settings'
USE_ETAGS = False
LANGUAGES_BIDI = ['he', 'ar', 'fa', 'ur']
FILE_UPLOAD_TEMP_DIR = None
INTERNAL_IPS = []
STATIC_URL = '/static/'
EMAIL_PORT = 587
USE_TZ = True
CACHE_PREFIX = 'a12122'
TEST_NON_SERIALIZED_APPS = []
PASSWORD_HASHERS = u'********************'
ABSOLUTE_URL_OVERRIDES = {}
LANGUAGE_COOKIE_PATH = '/'
CACHE_MIDDLEWARE_SECONDS = 600
EMAIL_SSL_CERTFILE = None
CSRF_COOKIE_HTTPONLY = False
DATETIME_INPUT_FORMATS = ['%Y-%m-%d %H:%M:%S', '%Y-%m-%d %H:%M:%S.%f', '%Y-%m-%d %H:%M', '%Y-%m-%d', '%m/%d/%Y %H:%M:%S', '%m/%d/%Y %H:%M:%S.%f', '%m/%d/%Y %H:%M', '%m/%d/%Y', '%m/%d/%y %H:%M:%S', '%m/%d/%y %H:%M:%S.%f', '%m/%d/%y %H:%M', '%m/%d/%y']
EMAIL_HOST_USER = '326121sa@gmail.com'



-------------------------------------------------------------------------------
